Determining if the pthread_create exist failed with the following output:
Change Dir: /home/gaoziqiang/temp/libtorch/example/build/CMakeFiles/CMakeTmp

Run Build Command:"/usr/bin/make" "cmTC_a6069/fast"
/usr/bin/make -f CMakeFiles/cmTC_a6069.dir/build.make CMakeFiles/cmTC_a6069.dir/build
make[1]: 进入目录“/home/gaoziqiang/temp/libtorch/example/build/CMakeFiles/CMakeTmp”
/usr/bin/cmake: /home/gaoziqiang/device/anaconda3/lib/libcurl.so.4: no version information available (required by /usr/bin/cmake)
Building C object CMakeFiles/cmTC_a6069.dir/CheckSymbolExists.c.o
/usr/bin/cc    -o CMakeFiles/cmTC_a6069.dir/CheckSymbolExists.c.o   -c /home/gaoziqiang/temp/libtorch/example/build/CMakeFiles/CMakeTmp/CheckSymbolExists.c
/usr/bin/cmake: /home/gaoziqiang/device/anaconda3/lib/libcurl.so.4: no version information available (required by /usr/bin/cmake)
Linking C executable cmTC_a6069
/usr/bin/cmake -E cmake_link_script CMakeFiles/cmTC_a6069.dir/link.txt --verbose=1
/usr/bin/cmake: /home/gaoziqiang/device/anaconda3/lib/libcurl.so.4: no version information available (required by /usr/bin/cmake)
/usr/bin/cc      -rdynamic CMakeFiles/cmTC_a6069.dir/CheckSymbolExists.c.o  -o cmTC_a6069 
CMakeFiles/cmTC_a6069.dir/CheckSymbolExists.c.o：在函数‘main’中：
CheckSymbolExists.c:(.text+0x1b)：对‘pthread_create’未定义的引用
collect2: error: ld returned 1 exit status
CMakeFiles/cmTC_a6069.dir/build.make:97: recipe for target 'cmTC_a6069' failed
make[1]: *** [cmTC_a6069] Error 1
make[1]: 离开目录“/home/gaoziqiang/temp/libtorch/example/build/CMakeFiles/CMakeTmp”
Makefile:126: recipe for target 'cmTC_a6069/fast' failed
make: *** [cmTC_a6069/fast] Error 2

File /home/gaoziqiang/temp/libtorch/example/build/CMakeFiles/CMakeTmp/CheckSymbolExists.c:
/* */
#include <pthread.h>

int main(int argc, char** argv)
{
  (void)argv;
#ifndef pthread_create
  return ((int*)(&pthread_create))[argc];
#else
  (void)argc;
  return 0;
#endif
}

Determining if the function pthread_create exists in the pthreads failed with the following output:
Change Dir: /home/gaoziqiang/temp/libtorch/example/build/CMakeFiles/CMakeTmp

Run Build Command:"/usr/bin/make" "cmTC_9528d/fast"
/usr/bin/make -f CMakeFiles/cmTC_9528d.dir/build.make CMakeFiles/cmTC_9528d.dir/build
make[1]: 进入目录“/home/gaoziqiang/temp/libtorch/example/build/CMakeFiles/CMakeTmp”
/usr/bin/cmake: /home/gaoziqiang/device/anaconda3/lib/libcurl.so.4: no version information available (required by /usr/bin/cmake)
Building C object CMakeFiles/cmTC_9528d.dir/CheckFunctionExists.c.o
/usr/bin/cc   -DCHECK_FUNCTION_EXISTS=pthread_create   -o CMakeFiles/cmTC_9528d.dir/CheckFunctionExists.c.o   -c /usr/share/cmake-3.10/Modules/CheckFunctionExists.c
/usr/bin/cmake: /home/gaoziqiang/device/anaconda3/lib/libcurl.so.4: no version information available (required by /usr/bin/cmake)
Linking C executable cmTC_9528d
/usr/bin/cmake -E cmake_link_script CMakeFiles/cmTC_9528d.dir/link.txt --verbose=1
/usr/bin/cmake: /home/gaoziqiang/device/anaconda3/lib/libcurl.so.4: no version information available (required by /usr/bin/cmake)
/usr/bin/cc  -DCHECK_FUNCTION_EXISTS=pthread_create    -rdynamic CMakeFiles/cmTC_9528d.dir/CheckFunctionExists.c.o  -o cmTC_9528d -lpthreads 
/usr/bin/ld: 找不到 -lpthreads
collect2: error: ld returned 1 exit status
CMakeFiles/cmTC_9528d.dir/build.make:97: recipe for target 'cmTC_9528d' failed
make[1]: *** [cmTC_9528d] Error 1
make[1]: 离开目录“/home/gaoziqiang/temp/libtorch/example/build/CMakeFiles/CMakeTmp”
Makefile:126: recipe for target 'cmTC_9528d/fast' failed
make: *** [cmTC_9528d/fast] Error 2


